<?xml version="1.0" encoding="UTF-8"?>
<!-- Generated by org.testng.reporters.JUnitReportReporter -->
<testsuite hostname="DESKTOP-GGTN9VI" failures="0" tests="1" name="com.testbase.TestBase" time="31.847" errors="0" timestamp="2024-02-16T01:59:31 IST" skipped="0">
  <testcase classname="com.testbase.TestBase" name="verifyPropertyMangerButtonShouldVisibleAfterClickingOnSigningButton" time="31.847"/>
  <system-out/>
</testsuite> <!-- com.testbase.TestBase -->
