<?xml version="1.0" encoding="UTF-8"?>
<!-- Generated by org.testng.reporters.JUnitReportReporter -->
<testsuite hostname="DESKTOP-GGTN9VI" failures="0" tests="7" name="homepage.HomePage" time="231.931" errors="0" timestamp="2024-02-16T11:36:30 IST" skipped="0">
  <testcase classname="homepage.HomePage" name="verifyUsernameAndPasswordAreNotValidShouldDisplayAfterEnteringWrongDetailsInPropertyManagerLoginUnderSignIn" time="27.384"/>
  <system-out/>
  <testcase classname="homepage.HomePage" name="verifyViewAppButtonGetsDisplayedAfterClickingResidentLoginButtonUnderSignIn" time="46.100"/>
  <system-out/>
  <testcase classname="homepage.HomePage" name="verifyPropertyMangerButtonShouldVisibleAfterClickingOnSigningButton" time="23.119"/>
  <system-out/>
  <testcase classname="homepage.HomePage" name="VerifyIfUsernameEnterAndPasswordKeepBlankThenPleaseEnterUsernameAndPasswordMassageShouldDisplayInPropertyManagerLoginUnderSignIn" time="25.288"/>
  <system-out/>
  <testcase classname="homepage.HomePage" name="verifyViewWebsiteButtonGetsDisplayedAfterClickingResidentLoginButtonUnderSignIn" time="52.305"/>
  <system-out/>
  <testcase classname="homepage.HomePage" name="VerifyIfPasswordAndUserNameKeepBlankThenPleaseEnterUsernameAndPasswordMassageShouldDisplayInPropertyManagerLoginUnderSignIn" time="31.042"/>
  <system-out/>
  <testcase classname="homepage.HomePage" name="VerifyIfPasswordEnterAndUserNameKeepBlankThenPleaseEnterUsernameAndPasswordMassageShouldDisplayInPropertyManagerLoginUnderSignIn" time="26.693"/>
  <system-out/>
</testsuite> <!-- homepage.HomePage -->
